<?xml version="1.0" encoding="UTF-8"?>
<testng-results ignored="0" total="1" passed="1" failed="0" skipped="0">
  <reporter-output>
  </reporter-output>
  <suite started-at="2018-08-12T02:56:22Z" name="Default suite" finished-at="2018-08-12T02:56:46Z" duration-ms="24917">
    <groups>
    </groups>
    <test started-at="2018-08-12T02:56:22Z" name="Default test" finished-at="2018-08-12T02:56:46Z" duration-ms="24917">
      <class name="com.bluesky.test.smoke.SimpleUnitTest">
        <test-method is-config="true" signature="preCondition()[pri:0, instance:com.bluesky.test.smoke.SimpleUnitTest@672872e1]" started-at="2018-08-12T02:56:22Z" name="preCondition" finished-at="2018-08-12T02:56:41Z" duration-ms="19390" status="PASS">
          <reporter-output>
          </reporter-output>
        </test-method> <!-- preCondition -->
        <test-method signature="testApp()[pri:0, instance:com.bluesky.test.smoke.SimpleUnitTest@672872e1]" started-at="2018-08-12T02:56:41Z" name="testApp" finished-at="2018-08-12T02:56:45Z" duration-ms="3553" status="PASS">
          <reporter-output>
          </reporter-output>
        </test-method> <!-- testApp -->
        <test-method is-config="true" signature="postCondition()[pri:0, instance:com.bluesky.test.smoke.SimpleUnitTest@672872e1]" started-at="2018-08-12T02:56:45Z" name="postCondition" finished-at="2018-08-12T02:56:46Z" duration-ms="1923" status="PASS">
          <reporter-output>
          </reporter-output>
        </test-method> <!-- postCondition -->
      </class> <!-- com.bluesky.test.smoke.SimpleUnitTest -->
    </test> <!-- Default test -->
  </suite> <!-- Default suite -->
</testng-results>
